<?xml version="1.0" encoding="UTF-8"?>
<!-- Generated by org.testng.reporters.JUnitXMLReporter -->
<testsuite ignored="0" hostname="ajay.kumar-MacBookPro" failures="0" tests="2" name="Linux_Chrome-Test" time="17.258" errors="0" timestamp="2025-09-15T17:20:38 IST">
  <testcase classname="testCases.TC001_AccountRegistrationTest" name="verify_account_registration" time="3.256"/>
  <testcase classname="testCases.TC002_LoginTest" name="verifyLogin" time="1.796"/>
</testsuite> <!-- Linux_Chrome-Test -->
