<?xml version="1.0" encoding="UTF-8"?>
<!-- Generated by org.testng.reporters.JUnitXMLReporter -->
<testsuite ignored="0" hostname="ajay.kumar-MacBookPro" failures="0" tests="2" name="Linux_Firefox-Test" time="17.085" errors="0" timestamp="2025-09-15T17:20:56 IST">
  <testcase classname="testCases.TC001_AccountRegistrationTest" name="verify_account_registration" time="2.404"/>
  <testcase classname="testCases.TC002_LoginTest" name="verifyLogin" time="1.35"/>
</testsuite> <!-- Linux_Firefox-Test -->
